created virtual environment CPython3.11.5.final.0-64 in 1065ms
  creator CPython3Posix(dest=/localscratch/mjmaher.38070120.0/env, clear=False, no_vcs_ignore=False, global=False)
  seeder FromAppData(download=False, pip=bundle, setuptools=bundle, wheel=bundle, via=copy, app_data_dir=/home/mjmaher/.local/share/virtualenv)
    added seed packages: pip==24.3.1, setuptools==75.3.0, wheel==0.44.0
  activators BashActivator,CShellActivator,FishActivator,NushellActivator,PowerShellActivator,PythonActivator
Looking in links: /cvmfs/soft.computecanada.ca/custom/python/wheelhouse/gentoo2023/x86-64-v3, /cvmfs/soft.computecanada.ca/custom/python/wheelhouse/gentoo2023/generic, /cvmfs/soft.computecanada.ca/custom/python/wheelhouse/generic
Processing /cvmfs/soft.computecanada.ca/custom/python/wheelhouse/gentoo2023/x86-64-v3/torch-2.5.1+computecanada-cp311-cp311-linux_x86_64.whl
Processing /cvmfs/soft.computecanada.ca/custom/python/wheelhouse/gentoo2023/generic/torchvision-0.20.1+computecanada-cp311-cp311-linux_x86_64.whl
Processing /cvmfs/soft.computecanada.ca/custom/python/wheelhouse/generic/filelock-3.16.1+computecanada-py3-none-any.whl (from torch)
Processing /cvmfs/soft.computecanada.ca/custom/python/wheelhouse/generic/typing_extensions-4.12.2+computecanada-py3-none-any.whl (from torch)
Processing /cvmfs/soft.computecanada.ca/custom/python/wheelhouse/generic/networkx-3.4.2+computecanada-py3-none-any.whl (from torch)
Processing /cvmfs/soft.computecanada.ca/custom/python/wheelhouse/generic/jinja2-3.1.4+computecanada-py3-none-any.whl (from torch)
Processing /cvmfs/soft.computecanada.ca/custom/python/wheelhouse/generic/fsspec-2024.10.0+computecanada-py3-none-any.whl (from torch)
Processing /cvmfs/soft.computecanada.ca/custom/python/wheelhouse/generic/sympy-1.13.1+computecanada-py3-none-any.whl (from torch)
Processing /cvmfs/soft.computecanada.ca/custom/python/wheelhouse/generic/mpmath-1.3.0+computecanada-py3-none-any.whl (from sympy==1.13.1->torch)
Processing /cvmfs/soft.computecanada.ca/custom/python/wheelhouse/gentoo2023/generic/numpy-2.1.1+computecanada-cp311-cp311-linux_x86_64.whl (from torchvision)
Processing /cvmfs/soft.computecanada.ca/custom/python/wheelhouse/gentoo2023/x86-64-v3/Pillow_SIMD-9.5.0.post2+computecanada-cp311-cp311-linux_x86_64.whl (from torchvision)
Processing /cvmfs/soft.computecanada.ca/custom/python/wheelhouse/generic/MarkupSafe-2.1.5+computecanada-cp311-cp311-linux_x86_64.whl (from jinja2->torch)
Installing collected packages: mpmath, typing-extensions, sympy, pillow-simd, numpy, networkx, MarkupSafe, fsspec, filelock, jinja2, torch, torchvision
Successfully installed MarkupSafe-2.1.5+computecanada filelock-3.16.1+computecanada fsspec-2024.10.0+computecanada jinja2-3.1.4+computecanada mpmath-1.3.0+computecanada networkx-3.4.2+computecanada numpy-2.1.1+computecanada pillow-simd-9.5.0.post2+computecanada sympy-1.13.1+computecanada torch-2.5.1+computecanada torchvision-0.20.1+computecanada typing-extensions-4.12.2+computecanada
Files already downloaded and verified
Uniform data split
Files already downloaded and verified
------
------
Number of Clients: 50
Number of Rounds: 100
Local Epochs: 5
Learning Rate: 0.01
Batch Size: 16
Dataset: CIFAR10
Data Split: uniform
------
------
SimpleCNN(
  (conv1): Conv2d(3, 32, kernel_size=(3, 3), stride=(1, 1), padding=(1, 1))
  (conv2): Conv2d(32, 64, kernel_size=(3, 3), stride=(1, 1), padding=(1, 1))
  (fc1): Linear(in_features=4096, out_features=128, bias=True)
  (fc2): Linear(in_features=128, out_features=10, bias=True)
  (pool): MaxPool2d(kernel_size=2, stride=2, padding=0, dilation=1, ceil_mode=False)
)
Round 1/100
Test Accuracy Global Model: 26.97%
------
Round 2/100
Test Accuracy Global Model: 35.07%
------
Round 3/100
Test Accuracy Global Model: 39.57%
------
Round 4/100
Test Accuracy Global Model: 42.63%
------
Round 5/100
Test Accuracy Global Model: 45.45%
------
Round 6/100
Test Accuracy Global Model: 48.13%
------
Round 7/100
Test Accuracy Global Model: 49.67%
------
Round 8/100
Test Accuracy Global Model: 51.59%
------
Round 9/100
Test Accuracy Global Model: 53.08%
------
Round 10/100
Test Accuracy Global Model: 54.08%
------
Round 11/100
Test Accuracy Global Model: 55.05%
------
Round 12/100
Test Accuracy Global Model: 56.09%
------
Round 13/100
Test Accuracy Global Model: 57.06%
------
Round 14/100
Test Accuracy Global Model: 57.62%
------
Round 15/100
Test Accuracy Global Model: 58.28%
------
Round 16/100
Test Accuracy Global Model: 59.04%
------
Round 17/100
Test Accuracy Global Model: 59.65%
------
Round 18/100
Test Accuracy Global Model: 60.47%
------
Round 19/100
Test Accuracy Global Model: 61.05%
------
Round 20/100
Test Accuracy Global Model: 61.41%
------
Round 21/100
Test Accuracy Global Model: 61.74%
------
Round 22/100
Test Accuracy Global Model: 62.28%
------
Round 23/100
Test Accuracy Global Model: 62.81%
------
Round 24/100
Test Accuracy Global Model: 62.92%
------
Round 25/100
Test Accuracy Global Model: 63.27%
------
Round 26/100
Test Accuracy Global Model: 63.28%
------
Round 27/100
Test Accuracy Global Model: 63.72%
------
Round 28/100
Test Accuracy Global Model: 64.02%
------
Round 29/100
Test Accuracy Global Model: 64.03%
------
Round 30/100
Test Accuracy Global Model: 64.53%
------
Round 31/100
Test Accuracy Global Model: 64.71%
------
Round 32/100
Test Accuracy Global Model: 64.68%
------
Round 33/100
Test Accuracy Global Model: 64.99%
------
Round 34/100
Test Accuracy Global Model: 65.08%
------
Round 35/100
Test Accuracy Global Model: 65.35%
------
Round 36/100
Test Accuracy Global Model: 65.49%
------
Round 37/100
Test Accuracy Global Model: 65.68%
------
Round 38/100
Test Accuracy Global Model: 65.71%
------
Round 39/100
Test Accuracy Global Model: 66.05%
------
Round 40/100
Test Accuracy Global Model: 65.96%
------
Round 41/100
Test Accuracy Global Model: 66.03%
------
Round 42/100
Test Accuracy Global Model: 66.18%
------
Round 43/100
Test Accuracy Global Model: 66.37%
------
Round 44/100
Test Accuracy Global Model: 66.47%
------
Round 45/100
Test Accuracy Global Model: 66.58%
------
Round 46/100
Test Accuracy Global Model: 66.82%
------
Round 47/100
Test Accuracy Global Model: 66.79%
------
Round 48/100
Test Accuracy Global Model: 66.92%
------
Round 49/100
Test Accuracy Global Model: 67.02%
------
Round 50/100
Test Accuracy Global Model: 67.06%
------
Round 51/100
Test Accuracy Global Model: 67.27%
------
Round 52/100
Test Accuracy Global Model: 67.16%
------
Round 53/100
Test Accuracy Global Model: 67.26%
------
Round 54/100
Test Accuracy Global Model: 67.25%
------
Round 55/100
Test Accuracy Global Model: 67.48%
------
Round 56/100
Test Accuracy Global Model: 67.53%
------
Round 57/100
Test Accuracy Global Model: 67.66%
------
Round 58/100
Test Accuracy Global Model: 67.59%
------
Round 59/100
Test Accuracy Global Model: 67.49%
------
Round 60/100
Test Accuracy Global Model: 67.57%
------
Round 61/100
Test Accuracy Global Model: 67.72%
------
Round 62/100
Test Accuracy Global Model: 67.85%
------
Round 63/100
Test Accuracy Global Model: 67.77%
------
Round 64/100
Test Accuracy Global Model: 67.72%
------
Round 65/100
Test Accuracy Global Model: 67.78%
------
Round 66/100
Test Accuracy Global Model: 67.78%
------
Round 67/100
Test Accuracy Global Model: 67.75%
------
Round 68/100
Test Accuracy Global Model: 67.80%
------
Round 69/100
Test Accuracy Global Model: 67.79%
------
Round 70/100
Test Accuracy Global Model: 67.95%
------
Round 71/100
Test Accuracy Global Model: 67.96%
------
Round 72/100
Test Accuracy Global Model: 67.89%
------
Round 73/100
Test Accuracy Global Model: 67.89%
------
Round 74/100
Test Accuracy Global Model: 68.05%
------
Round 75/100
Test Accuracy Global Model: 68.02%
------
Round 76/100
Test Accuracy Global Model: 68.09%
------
Round 77/100
Test Accuracy Global Model: 68.08%
------
Round 78/100
Test Accuracy Global Model: 68.16%
------
Round 79/100
Test Accuracy Global Model: 68.25%
------
Round 80/100
Test Accuracy Global Model: 68.06%
------
Round 81/100
Test Accuracy Global Model: 68.24%
------
Round 82/100
Test Accuracy Global Model: 68.23%
------
Round 83/100
Test Accuracy Global Model: 68.23%
------
Round 84/100
Test Accuracy Global Model: 68.31%
------
Round 85/100
Test Accuracy Global Model: 68.28%
------
Round 86/100
Test Accuracy Global Model: 68.38%
------
Round 87/100
Test Accuracy Global Model: 68.44%
------
Round 88/100
Test Accuracy Global Model: 68.50%
------
Round 89/100
Test Accuracy Global Model: 68.41%
------
Round 90/100
Test Accuracy Global Model: 68.39%
------
Round 91/100
Test Accuracy Global Model: 68.42%
------
Round 92/100
Test Accuracy Global Model: 68.47%
------
Round 93/100
Test Accuracy Global Model: 68.45%
------
Round 94/100
Test Accuracy Global Model: 68.52%
------
Round 95/100
Test Accuracy Global Model: 68.51%
------
Round 96/100
Test Accuracy Global Model: 68.56%
------
Round 97/100
Test Accuracy Global Model: 68.54%
------
Round 98/100
Test Accuracy Global Model: 68.45%
------
Round 99/100
Test Accuracy Global Model: 68.61%
------
Round 100/100
Test Accuracy Global Model: 68.59%
------
Time taken: 5424.15 seconds
